--------------------
./configure
Tue Apr  2 17:57:06 CST 2013

=== ztest16720.c ===
extern int getchar();
int hello() {return getchar();}
===
/opt/toolchains/uclibc-crosstools-gcc-4.4.2-1/usr/bin/mips-linux-uclibc-gcc -c -O3 ztest16720.c
... using gcc

Checking for shared library support...
=== ztest16720.c ===
extern int getchar();
int hello() {return getchar();}
===
/opt/toolchains/uclibc-crosstools-gcc-4.4.2-1/usr/bin/mips-linux-uclibc-gcc -w -c -O3 -fPIC ztest16720.c
/opt/toolchains/uclibc-crosstools-gcc-4.4.2-1/usr/bin/mips-linux-uclibc-gcc -shared -Wl,-soname,libz.so.1,--version-script,zlib.map -O3 -fPIC -o ztest16720.so ztest16720.o
Building shared library libz.so.1.2.7 with /opt/toolchains/uclibc-crosstools-gcc-4.4.2-1/usr/bin/mips-linux-uclibc-gcc.


=== ztest16720.c ===
#include <sys/types.h>
off64_t dummy = 0;
===
/opt/toolchains/uclibc-crosstools-gcc-4.4.2-1/usr/bin/mips-linux-uclibc-gcc -c -O3 -D_LARGEFILE64_SOURCE=1 ztest16720.c
Checking for off64_t... Yes.
Checking for fseeko... Yes.

=== ztest16720.c ===
#include <string.h>
#include <errno.h>
int main() { return strlen(strerror(errno)); }
===
/opt/toolchains/uclibc-crosstools-gcc-4.4.2-1/usr/bin/mips-linux-uclibc-gcc -O3 -D_LARGEFILE64_SOURCE=1 -o ztest16720 ztest16720.c
Checking for strerror... Yes.

=== ztest16720.c ===
#include <unistd.h>
int main() { return 0; }
===
/opt/toolchains/uclibc-crosstools-gcc-4.4.2-1/usr/bin/mips-linux-uclibc-gcc -c -O3 -D_LARGEFILE64_SOURCE=1 ztest16720.c
Checking for unistd.h... Yes.

=== ztest16720.c ===
#include <stdarg.h>
int main() { return 0; }
===
/opt/toolchains/uclibc-crosstools-gcc-4.4.2-1/usr/bin/mips-linux-uclibc-gcc -c -O3 -D_LARGEFILE64_SOURCE=1 ztest16720.c
Checking for stdarg.h... Yes.

=== ztest16720.c ===
#include <stdio.h>
#include <stdarg.h>
#include "zconf.h"
int main()
{
#ifndef STDC
  choke me
#endif
  return 0;
}
===
/opt/toolchains/uclibc-crosstools-gcc-4.4.2-1/usr/bin/mips-linux-uclibc-gcc -c -O3 -D_LARGEFILE64_SOURCE=1 ztest16720.c
Checking whether to use vs[n]printf() or s[n]printf()... using vs[n]printf().

=== ztest16720.c ===
#include <stdio.h>
#include <stdarg.h>
int mytest(const char *fmt, ...)
{
  char buf[20];
  va_list ap;
  va_start(ap, fmt);
  vsnprintf(buf, sizeof(buf), fmt, ap);
  va_end(ap);
  return 0;
}
int main()
{
  return (mytest("Hello%d\n", 1));
}
===
/opt/toolchains/uclibc-crosstools-gcc-4.4.2-1/usr/bin/mips-linux-uclibc-gcc -O3 -D_LARGEFILE64_SOURCE=1 -o ztest16720 ztest16720.c
Checking for vsnprintf() in stdio.h... Yes.

=== ztest16720.c ===
#include <stdio.h>
#include <stdarg.h>
int mytest(const char *fmt, ...)
{
  int n;
  char buf[20];
  va_list ap;
  va_start(ap, fmt);
  n = vsnprintf(buf, sizeof(buf), fmt, ap);
  va_end(ap);
  return n;
}
int main()
{
  return (mytest("Hello%d\n", 1));
}
===
/opt/toolchains/uclibc-crosstools-gcc-4.4.2-1/usr/bin/mips-linux-uclibc-gcc -c -O3 -D_LARGEFILE64_SOURCE=1 ztest16720.c
Checking for return value of vsnprintf()... Yes.

=== ztest16720.c ===
#define ZLIB_INTERNAL __attribute__((visibility ("hidden")))
int ZLIB_INTERNAL foo;
int main()
{
  return 0;
}
===
/opt/toolchains/uclibc-crosstools-gcc-4.4.2-1/usr/bin/mips-linux-uclibc-gcc -c -O3 -D_LARGEFILE64_SOURCE=1 ztest16720.c
Checking for attribute(visibility) support... Yes.

=== ztest16720.c ===
#include <stdio.h>
#define is32(n,t) for(n=1,k=0;n;n<<=1,k++);if(k==32){puts(t);return 0;}
int main() {
    int k;
    unsigned i;
    unsigned long l;
    unsigned short s;
    is32(i, "unsigned")
    is32(l, "unsigned long")
    is32(s, "unsigned short")
    return 1;
}
===
/opt/toolchains/uclibc-crosstools-gcc-4.4.2-1/usr/bin/mips-linux-uclibc-gcc -O3 -D_LARGEFILE64_SOURCE=1 -DHAVE_HIDDEN ztest16720.c -o ztest16720
Looking for a four-byte integer type... Not found.

ALL = static shared all64
AR = ar
ARFLAGS = rc
CC = /opt/toolchains/uclibc-crosstools-gcc-4.4.2-1/usr/bin/mips-linux-uclibc-gcc
CFLAGS = -O3 -D_LARGEFILE64_SOURCE=1 -DHAVE_HIDDEN
CPP = /opt/toolchains/uclibc-crosstools-gcc-4.4.2-1/usr/bin/mips-linux-uclibc-gcc -E
EXE =
LDCONFIG = ldconfig
LDFLAGS =
LDSHARED = /opt/toolchains/uclibc-crosstools-gcc-4.4.2-1/usr/bin/mips-linux-uclibc-gcc -shared -Wl,-soname,libz.so.1,--version-script,zlib.map
LDSHAREDLIBC = -lc
OBJC = $(OBJZ) $(OBJG)
PIC_OBJC = $(PIC_OBJZ) $(PIC_OBJG)
RANLIB = ranlib
SFLAGS = -O3 -fPIC -D_LARGEFILE64_SOURCE=1 -DHAVE_HIDDEN
SHAREDLIB = libz.so
SHAREDLIBM = libz.so.1
SHAREDLIBV = libz.so.1.2.7
STATICLIB = libz.a
TEST = all teststatic testshared test64
VER = 1.2.7
Z_U4 =
exec_prefix = ${prefix}
includedir = ${prefix}/include
libdir = ${exec_prefix}/lib
mandir = ${prefix}/share/man
prefix = /usr/local
sharedlibdir = ${libdir}
uname = Linux
--------------------


