This file contains any messages produced by compilers while
running configure, to aid debugging if configure makes a mistake.

It was created by configure, which was
generated by GNU Autoconf 2.61.  Invocation command line was

  $ ./configure --prefix=/usr/local --sysconfdir=/etc --localstatedir=/var/run --without-pam --disable-auth-pam --enable-openssl --enable-shadow --enable-autoshadow --with-modules=mod_sftp --cache-file=/dev/null --srcdir=.

## --------- ##
## Platform. ##
## --------- ##

hostname = MsgSW4-SerVer
uname -m = i686
uname -r = 2.6.29.4-167.fc11.i686.PAE
uname -s = Linux
uname -v = #1 SMP Wed May 27 17:28:22 EDT 2009

/usr/bin/uname -p = unknown
/bin/uname -X     = unknown

/bin/arch              = i686
/usr/bin/arch -k       = unknown
/usr/convex/getsysinfo = unknown
/usr/bin/hostinfo      = unknown
/bin/machine           = unknown
/usr/bin/oslevel       = unknown
/bin/universe          = unknown

PATH: /usr/lib/qt-3.3/bin
PATH: /usr/kerberos/bin
PATH: /usr/lib/ccache
PATH: /usr/local/bin
PATH: /bin
PATH: /usr/bin
PATH: /usr/local/sbin
PATH: /usr/sbin
PATH: /sbin
PATH: /home/tcc/bin


## ----------- ##
## Core tests. ##
## ----------- ##

configure:1741: checking build system type
configure:1759: result: i686-pc-linux-gnu
configure:1781: checking host system type
configure:1796: result: i686-pc-linux-gnu
configure:1818: checking target system type
configure:1833: result: i686-pc-linux-gnu
configure:1912: checking for gcc
configure:1928: found /usr/lib/ccache/gcc
configure:1939: result: gcc
configure:2177: checking for C compiler version
configure:2184: gcc --version >&5
gcc (GCC) 4.4.0 20090506 (Red Hat 4.4.0-4)
Copyright (C) 2009 Free Software Foundation, Inc.
This is free software; see the source for copying conditions.  There is NO
warranty; not even for MERCHANTABILITY or FITNESS FOR A PARTICULAR PURPOSE.

configure:2187: $? = 0
configure:2194: gcc -v >&5
Using built-in specs.
Target: i586-redhat-linux
Configured with: ../configure --prefix=/usr --mandir=/usr/share/man --infodir=/usr/share/info --with-bugurl=http://bugzilla.redhat.com/bugzilla --enable-bootstrap --enable-shared --enable-threads=posix --enable-checking=release --with-system-zlib --enable-__cxa_atexit --disable-libunwind-exceptions --enable-languages=c,c++,objc,obj-c++,java,fortran,ada --enable-java-awt=gtk --disable-dssi --enable-plugin --with-java-home=/usr/lib/jvm/java-1.5.0-gcj-1.5.0.0/jre --enable-libgcj-multifile --enable-java-maintainer-mode --with-ecj-jar=/usr/share/java/eclipse-ecj.jar --disable-libjava-multilib --with-ppl --with-cloog --with-tune=generic --with-arch=i586 --build=i586-redhat-linux
Thread model: posix
gcc version 4.4.0 20090506 (Red Hat 4.4.0-4) (GCC) 
configure:2197: $? = 0
configure:2204: gcc -V >&5
gcc: '-V' option must have argument
configure:2207: $? = 1
configure:2230: checking for C compiler default output file name
configure:2257: gcc    conftest.c  >&5
configure:2260: $? = 0
configure:2298: result: a.out
configure:2315: checking whether the C compiler works
configure:2325: ./a.out
configure:2328: $? = 0
configure:2345: result: yes
configure:2352: checking whether we are cross compiling
configure:2354: result: no
configure:2357: checking for suffix of executables
configure:2364: gcc -o conftest    conftest.c  >&5
configure:2367: $? = 0
configure:2391: result: 
configure:2397: checking for suffix of object files
configure:2423: gcc -c   conftest.c >&5
configure:2426: $? = 0
configure:2449: result: o
configure:2453: checking whether we are using the GNU C compiler
configure:2482: gcc -c   conftest.c >&5
configure:2488: $? = 0
configure:2505: result: yes
configure:2510: checking whether gcc accepts -g
configure:2540: gcc -c -g  conftest.c >&5
configure:2546: $? = 0
configure:2645: result: yes
configure:2662: checking for gcc option to accept ISO C89
configure:2736: gcc  -c -g -O2  conftest.c >&5
configure:2742: $? = 0
configure:2765: result: none needed
configure:2788: checking how to run the C preprocessor
configure:2828: gcc -E  conftest.c
configure:2834: $? = 0
configure:2865: gcc -E  conftest.c
conftest.c:8:28: error: ac_nonexistent.h: No such file or directory
configure:2871: $? = 1
configure: failed program was:
| /* confdefs.h.  */
| #define PACKAGE_NAME ""
| #define PACKAGE_TARNAME ""
| #define PACKAGE_VERSION ""
| #define PACKAGE_STRING ""
| #define PACKAGE_BUGREPORT ""
| /* end confdefs.h.  */
| #include <ac_nonexistent.h>
configure:2904: result: gcc -E
configure:2933: gcc -E  conftest.c
configure:2939: $? = 0
configure:2970: gcc -E  conftest.c
conftest.c:8:28: error: ac_nonexistent.h: No such file or directory
configure:2976: $? = 1
configure: failed program was:
| /* confdefs.h.  */
| #define PACKAGE_NAME ""
| #define PACKAGE_TARNAME ""
| #define PACKAGE_VERSION ""
| #define PACKAGE_STRING ""
| #define PACKAGE_BUGREPORT ""
| /* end confdefs.h.  */
| #include <ac_nonexistent.h>
configure:3015: checking for grep that handles long lines and -e
configure:3089: result: /bin/grep
configure:3094: checking for egrep
configure:3172: result: /bin/grep -E
configure:3178: checking for AIX
configure:3200: result: no
configure:3206: checking for library containing strerror
configure:3247: gcc -o conftest -g -O2   conftest.c  >&5
configure:3253: $? = 0
configure:3281: result: none required
configure:3289: checking for ANSI C header files
configure:3319: gcc -c -g -O2  conftest.c >&5
configure:3325: $? = 0
configure:3424: gcc -o conftest -g -O2   conftest.c  >&5
configure:3427: $? = 0
configure:3433: ./conftest
configure:3436: $? = 0
configure:3453: result: yes
configure:3477: checking for sys/types.h
configure:3498: gcc -c -g -O2  conftest.c >&5
configure:3504: $? = 0
configure:3520: result: yes
configure:3477: checking for sys/stat.h
configure:3498: gcc -c -g -O2  conftest.c >&5
configure:3504: $? = 0
configure:3520: result: yes
configure:3477: checking for stdlib.h
configure:3498: gcc -c -g -O2  conftest.c >&5
configure:3504: $? = 0
configure:3520: result: yes
configure:3477: checking for string.h
configure:3498: gcc -c -g -O2  conftest.c >&5
configure:3504: $? = 0
configure:3520: result: yes
configure:3477: checking for memory.h
configure:3498: gcc -c -g -O2  conftest.c >&5
configure:3504: $? = 0
configure:3520: result: yes
configure:3477: checking for strings.h
configure:3498: gcc -c -g -O2  conftest.c >&5
configure:3504: $? = 0
configure:3520: result: yes
configure:3477: checking for inttypes.h
configure:3498: gcc -c -g -O2  conftest.c >&5
configure:3504: $? = 0
configure:3520: result: yes
configure:3477: checking for stdint.h
configure:3498: gcc -c -g -O2  conftest.c >&5
configure:3504: $? = 0
configure:3520: result: yes
configure:3477: checking for unistd.h
configure:3498: gcc -c -g -O2  conftest.c >&5
configure:3504: $? = 0
configure:3520: result: yes
configure:3542: checking minix/config.h usability
configure:3559: gcc -c -g -O2  conftest.c >&5
conftest.c:51:26: error: minix/config.h: No such file or directory
configure:3565: $? = 1
configure: failed program was:
| /* confdefs.h.  */
| #define PACKAGE_NAME ""
| #define PACKAGE_TARNAME ""
| #define PACKAGE_VERSION ""
| #define PACKAGE_STRING ""
| #define PACKAGE_BUGREPORT ""
| #define STDC_HEADERS 1
| #define HAVE_SYS_TYPES_H 1
| #define HAVE_SYS_STAT_H 1
| #define HAVE_STDLIB_H 1
| #define HAVE_STRING_H 1
| #define HAVE_MEMORY_H 1
| #define HAVE_STRINGS_H 1
| #define HAVE_INTTYPES_H 1
| #define HAVE_STDINT_H 1
| #define HAVE_UNISTD_H 1
| /* end confdefs.h.  */
| #include <stdio.h>
| #ifdef HAVE_SYS_TYPES_H
| # include <sys/types.h>
| #endif
| #ifdef HAVE_SYS_STAT_H
| # include <sys/stat.h>
| #endif
| #ifdef STDC_HEADERS
| # include <stdlib.h>
| # include <stddef.h>
| #else
| # ifdef HAVE_STDLIB_H
| #  include <stdlib.h>
| # endif
| #endif
| #ifdef HAVE_STRING_H
| # if !defined STDC_HEADERS && defined HAVE_MEMORY_H
| #  include <memory.h>
| # endif
| # include <string.h>
| #endif
| #ifdef HAVE_STRINGS_H
| # include <strings.h>
| #endif
| #ifdef HAVE_INTTYPES_H
| # include <inttypes.h>
| #endif
| #ifdef HAVE_STDINT_H
| # include <stdint.h>
| #endif
| #ifdef HAVE_UNISTD_H
| # include <unistd.h>
| #endif
| #include <minix/config.h>
configure:3579: result: no
configure:3583: checking minix/config.h presence
configure:3598: gcc -E  conftest.c
conftest.c:18:26: error: minix/config.h: No such file or directory
configure:3604: $? = 1
configure: failed program was:
| /* confdefs.h.  */
| #define PACKAGE_NAME ""
| #define PACKAGE_TARNAME ""
| #define PACKAGE_VERSION ""
| #define PACKAGE_STRING ""
| #define PACKAGE_BUGREPORT ""
| #define STDC_HEADERS 1
| #define HAVE_SYS_TYPES_H 1
| #define HAVE_SYS_STAT_H 1
| #define HAVE_STDLIB_H 1
| #define HAVE_STRING_H 1
| #define HAVE_MEMORY_H 1
| #define HAVE_STRINGS_H 1
| #define HAVE_INTTYPES_H 1
| #define HAVE_STDINT_H 1
| #define HAVE_UNISTD_H 1
| /* end confdefs.h.  */
| #include <minix/config.h>
configure:3618: result: no
configure:3646: checking for minix/config.h
configure:3653: result: no
configure:3683: checking for ANSI C header files
configure:3847: result: yes
configure:3865: checking for stdlib.h
configure:3871: result: yes
configure:3865: checking for unistd.h
configure:3871: result: yes
configure:3875: checking limits.h usability
configure:3892: gcc -c -g -O2  conftest.c >&5
configure:3898: $? = 0
configure:3912: result: yes
configure:3916: checking limits.h presence
configure:3931: gcc -E  conftest.c
configure:3937: $? = 0
configure:3951: result: yes
configure:3979: checking for limits.h
configure:3987: result: yes
configure:3875: checking fcntl.h usability
configure:3892: gcc -c -g -O2  conftest.c >&5
configure:3898: $? = 0
configure:3912: result: yes
configure:3916: checking fcntl.h presence
configure:3931: gcc -E  conftest.c
configure:3937: $? = 0
configure:3951: result: yes
configure:3979: checking for fcntl.h
configure:3987: result: yes
configure:4036: checking whether OpenSSL has crippled AES support
configure:4067: gcc -o conftest -g -O2   conftest.c  -lcrypto >&5
conftest.c: In function 'main':
conftest.c:33: warning: assignment discards qualifiers from pointer target type
conftest.c:34: warning: assignment discards qualifiers from pointer target type
configure:4073: $? = 0
configure:4080: result: no
configure:4102: checking whether OpenSSL supports SHA256
configure:4130: gcc -o conftest -g -O2   conftest.c  -lcrypto >&5
conftest.c: In function 'main':
conftest.c:31: warning: assignment discards qualifiers from pointer target type
configure:4136: $? = 0
configure:4143: result: yes
configure:4165: checking whether OpenSSL supports SHA512
configure:4193: gcc -o conftest -g -O2   conftest.c  -lcrypto >&5
conftest.c: In function 'main':
conftest.c:32: warning: assignment discards qualifiers from pointer target type
configure:4199: $? = 0
configure:4206: result: yes
configure:4340: creating ./config.status

## ---------------------- ##
## Running config.status. ##
## ---------------------- ##

This file was extended by config.status, which was
generated by GNU Autoconf 2.61.  Invocation command line was

  CONFIG_FILES    = 
  CONFIG_HEADERS  = 
  CONFIG_LINKS    = 
  CONFIG_COMMANDS = 
  $ ./config.status 

on MsgSW4-SerVer

config.status:605: creating Makefile
config.status:605: creating mod_sftp.h

## ---------------- ##
## Cache variables. ##
## ---------------- ##

ac_cv_build=i686-pc-linux-gnu
ac_cv_c_compiler_gnu=yes
ac_cv_env_CC_set=
ac_cv_env_CC_value=
ac_cv_env_CFLAGS_set=
ac_cv_env_CFLAGS_value=
ac_cv_env_CPPFLAGS_set=
ac_cv_env_CPPFLAGS_value=
ac_cv_env_CPP_set=
ac_cv_env_CPP_value=
ac_cv_env_LDFLAGS_set=
ac_cv_env_LDFLAGS_value=
ac_cv_env_LIBS_set=
ac_cv_env_LIBS_value=
ac_cv_env_build_alias_set=
ac_cv_env_build_alias_value=
ac_cv_env_host_alias_set=
ac_cv_env_host_alias_value=
ac_cv_env_target_alias_set=
ac_cv_env_target_alias_value=
ac_cv_header_fcntl_h=yes
ac_cv_header_inttypes_h=yes
ac_cv_header_limits_h=yes
ac_cv_header_memory_h=yes
ac_cv_header_minix_config_h=no
ac_cv_header_stdc=yes
ac_cv_header_stdint_h=yes
ac_cv_header_stdlib_h=yes
ac_cv_header_string_h=yes
ac_cv_header_strings_h=yes
ac_cv_header_sys_stat_h=yes
ac_cv_header_sys_types_h=yes
ac_cv_header_unistd_h=yes
ac_cv_host=i686-pc-linux-gnu
ac_cv_objext=o
ac_cv_path_EGREP='/bin/grep -E'
ac_cv_path_GREP=/bin/grep
ac_cv_prog_CPP='gcc -E'
ac_cv_prog_ac_ct_CC=gcc
ac_cv_prog_cc_c89=
ac_cv_prog_cc_g=yes
ac_cv_search_strerror='none required'
ac_cv_target=i686-pc-linux-gnu

## ----------------- ##
## Output variables. ##
## ----------------- ##

CC='gcc'
CFLAGS='-g -O2'
CPP='gcc -E'
CPPFLAGS=''
DEFS='-DHAVE_CONFIG_H'
ECHO_C=''
ECHO_N='-n'
ECHO_T=''
EGREP='/bin/grep -E'
EXEEXT=''
GREP='/bin/grep'
INCLUDES=''
LDFLAGS=''
LIBDIRS=''
LIBOBJS=''
LIBS=''
LTLIBOBJS=''
OBJEXT='o'
PACKAGE_BUGREPORT=''
PACKAGE_NAME=''
PACKAGE_STRING=''
PACKAGE_TARNAME=''
PACKAGE_VERSION=''
PATH_SEPARATOR=':'
SHELL='/bin/sh'
ac_ct_CC='gcc'
bindir='${exec_prefix}/bin'
build='i686-pc-linux-gnu'
build_alias=''
build_cpu='i686'
build_os='linux-gnu'
build_vendor='pc'
datadir='${datarootdir}'
datarootdir='${prefix}/share'
docdir='${datarootdir}/doc/${PACKAGE}'
dvidir='${docdir}'
exec_prefix='${prefix}'
host='i686-pc-linux-gnu'
host_alias=''
host_cpu='i686'
host_os='linux-gnu'
host_vendor='pc'
htmldir='${docdir}'
includedir='${prefix}/include'
infodir='${datarootdir}/info'
libdir='${exec_prefix}/lib'
libexecdir='${exec_prefix}/libexec'
localedir='${datarootdir}/locale'
localstatedir='/var/run'
mandir='${datarootdir}/man'
oldincludedir='/usr/include'
pdfdir='${docdir}'
prefix='/usr/local'
program_transform_name='s,x,x,'
psdir='${docdir}'
sbindir='${exec_prefix}/sbin'
sharedstatedir='${prefix}/com'
sysconfdir='/etc'
target='i686-pc-linux-gnu'
target_alias=''
target_cpu='i686'
target_os='linux-gnu'
target_vendor='pc'

## ----------- ##
## confdefs.h. ##
## ----------- ##

#define PACKAGE_NAME ""
#define PACKAGE_TARNAME ""
#define PACKAGE_VERSION ""
#define PACKAGE_STRING ""
#define PACKAGE_BUGREPORT ""
#define STDC_HEADERS 1
#define HAVE_SYS_TYPES_H 1
#define HAVE_SYS_STAT_H 1
#define HAVE_STDLIB_H 1
#define HAVE_STRING_H 1
#define HAVE_MEMORY_H 1
#define HAVE_STRINGS_H 1
#define HAVE_INTTYPES_H 1
#define HAVE_STDINT_H 1
#define HAVE_UNISTD_H 1
#define STDC_HEADERS 1
#define HAVE_STDLIB_H 1
#define HAVE_UNISTD_H 1
#define HAVE_LIMITS_H 1
#define HAVE_FCNTL_H 1
#define HAVE_SHA256_OPENSSL 1
#define HAVE_SHA512_OPENSSL 1

configure: exit 0
